#CENTER_X=215_Y=120/20151026_P01_044T01_9000000072_level2_V89.0/sxt/sxt.01
19777                                                                                               6.100  5227       1.612   171     5.2747E-02    217   121   60        3241.9
#CENTER_X=215_Y=120/20151026_P01_044T01_9000000072_level2_V90.0/sxt/sxt.01
22276                                                                                               6.088  6453       1.763   186     5.0830E-02    216   121   60        3659.3
#CENTER_X=215_Y=120/20151026_P01_044T01_9000000072_level2_V91.0/sxt/sxt.01
31513                                                                                               5.945  8991       1.696   269     5.0751E-02    215   121   60        5300.3
#CENTER_X=215_Y=120/20151026_P01_044T01_9000000072_level2_V92.0/sxt/sxt.01
13700                                                                                               5.533  3773       1.524   122     4.9276E-02    217   121   60        2475.9
#CENTER_X=215_Y=120/20151026_P01_044T01_9000000072_level2_V93.0/sxt/sxt.01
10191                                                                                               5.215  2699       1.381   107     5.4756E-02    215   119   60        1954.1
#CENTER_X=215_Y=120/20151026_P01_044T01_9000000072_level2_V94.0/sxt/sxt.01
18797                                                                                               7.090  3968       1.497   598     0.2255        215   119.75   60     2651.4
#CENTER_X=215_Y=120/20151026_P01_044T01_9000000072_level2_V95.0/sxt/sxt.01
7163                                                                                                6.228  2061       1.792   68      5.9121E-02    211.5   119   60      1150.2
#CENTER_X=228_Y=322/20151026_P01_044T01_9000000072_level2_V52.0/sxt/sxt.01
14412                                                                                               5.653  2602       1.021   503     0.1973        227   319   60        2549.4
#CENTER_X=228_Y=322/20151026_P01_044T01_9000000072_level2_V53.0/sxt/sxt.01
6366                                                                                                4.542  1442       1.029   88      6.2787E-02    226   323   60        1401.6
#CENTER_X=228_Y=322/20151026_P01_044T01_9000000072_level2_V55.0/sxt/sxt.01
5510                                                                                                4.485  1286       1.047   55      4.4772E-02    234   321   60        1228.4
#CENTER_X=228_Y=322_and_#CENTER_X=185_Y=356/20151026_P01_044T01_9000000072_level2_V56.0/sxt/sxt.01
14768                                                                                               4.458  1411       0.4259  130     3.9239E-02    188.68   357.16   37  3313.0
#CENTER_X=228_Y=322_and_#CENTER_X=185_Y=356/20151026_P01_044T01_9000000072_level2_V56.0/sxt/sxt.01
14768                                                                                               4.458  1404       0.4238  130     3.9239E-02    231.88   324.04   37  3313.0
#CENTER_X=250_Y=163/20151026_P01_044T01_9000000072_level2_V81.0/sxt/sxt.01
10837                                                                                               6.117  3172       1.791   105     5.9271E-02    249   160   60        1771.5
#CENTER_X=250_Y=163/20151026_P01_044T01_9000000072_level2_V84.0/sxt/sxt.01
12947                                                                                               6.019  3749       1.743   110     5.1140E-02    249   167   60        2151.0
#CENTER_X=250_Y=163/20151026_P01_044T01_9000000072_level2_V85.0/sxt/sxt.01
12500                                                                                               6.038  3638       1.757   91      4.3954E-02    251   166   60        2070.3
#CENTER_X=250_Y=163/20151026_P01_044T01_9000000072_level2_V86.0/sxt/sxt.01/
12991                                                                                               6.289  3815       1.847   97      4.6960E-02    253   163   60        2065.6
#CENTER_X=277_Y=290/20151026_P01_044T01_9000000072_level2_V47.0/sxt/sxt.01/
12936                                                                                               4.534  2959       1.037   155     5.4330E-02    272   294   60        2852.9
#CENTER_X=277_Y=290/20151026_P01_044T01_9000000072_level2_V48.0/sxt/sxt.01
18366                                                                                               5.397  4430       1.302   249     7.3168E-02    273   288   60        3403.1
#CENTER_X=277_Y=290/20151026_P01_044T01_9000000072_level2_V49.0/sxt/sxt.01
19299                                                                                               4.986  4988       1.289   230     5.9427E-02    272   293   60        3870.3
#CENTER_X=277_Y=290/20151026_P01_044T01_9000000072_level2_V50.0/sxt/sxt.01
16375                                                                                               4.957  4251       1.287   192     5.8120E-02    273   290   60        3303.5
#CENTER_X=277_Y=290/20151026_P01_044T01_9000000072_level2_V51.0/sxt/sxt.01
17988                                                                                               5.135  4254       1.214   310     8.8502E-02    276   287   60        3502.7
#CENTER_X=288_Y=206/20151026_P01_044T01_9000000072_level2_V79.0/sxt/sxt.01
6608                                                                                                5.954  1924       1.734   64      5.7664E-02    286   202   60        1109.9
#CENTER_X=288_Y=206/20151026_P01_044T01_9000000072_level2_V80.0/sxt/sxt.01
4041                                                                                                4.896  1084       1.313   29      3.5139E-02    284   202   60        825.29
#CENTER_X=288_Y=206/20151026_P01_044T01_9000000072_level2_V82.0/sxt/sxt.01
5913                                                                                                5.282  1599       1.428   46      4.1095E-02    286   204   60        1119.4
#CENTER_X=288_Y=206/20151026_P01_044T01_9000000072_level2_V83.0/sxt/sxt.01
7848                                                                                                6.140  2321       1.816   86      6.7280E-02    286   208   60        1278.2
#CENTER_X=325_Y=256/20151026_P01_044T01_9000000072_level2_V103.0/sxt/sxt.01
19323                                                                                               5.658  3814       1.117   296     8.6677E-02    323   255   60        3415.0
#CENTER_X=325_Y=256/20151026_P01_044T01_9000000072_level2_V104.0/sxt/sxt.01
21798                                                                                               6.055  6279       1.744   328     9.1112E-02    324   255   60        3600.0
#CENTER_X=325_Y=256/20151026_P01_044T01_9000000072_level2_V105.0/sxt/sxt.01
17816                                                                                               5.704  5032       1.611   244     7.8123E-02    324   254   60        3123.3
#CENTER_X=325_Y=256/20151026_P01_044T01_9000000072_level2_V106.0/sxt/sxt.01
7773                                                                                                5.750  2192       1.622   107     7.9156E-02    323   254   60        1351.8
#CENTER_X=340_Y=268/20151026_P01_044T01_9000000072_level2_V10.0/sxt/sxt.01
20789                                                                                               5.821  6205       1.737   178     4.9839E-02    341   267   60        3571.5
#CENTER_X=340_Y=268/20151026_P01_044T01_9000000072_level2_V11.0/sxt/sxt.01
20625                                                                                               5.779  5871       1.645   167     4.6790E-02    340   265   60        3569.1
#CENTER_X=340_Y=268/20151026_P01_044T01_9000000072_level2_V12.0/sxt/sxt.01
23839                                                                                               6.156  6534       1.687   270     6.9719E-02    339   266   60        3872.7
#CENTER_X=340_Y=268/20151026_P01_044T01_9000000072_level2_V13.0/sxt/sxt.01
22815                                                                                               6.492  6095       1.734   310     8.8204E-02    340   265   60        3514.6
#CENTER_X=340_Y=268/20151026_P01_044T01_9000000072_level2_V9.0/sxt/sxt.01
18643                                                                                               6.132  5530       1.819   150     4.9337E-02    345   266   60        3040.3
#CENTER_X=355_Y=291/20151026_P01_044T01_9000000072_level2_V60.0/sxt/sxt.01
6208                                                                                                4.033  1332       0.8654  53      3.4435E-02    357   292   60        1539.1
#CENTER_X=355_Y=291/20151026_P01_044T01_9000000072_level2_V61.0/sxt/sxt.01
7707                                                                                                3.814  1698       0.8404  80      3.9593E-02    358   296   60        2020.5
#CENTER_X=355_Y=291/20151026_P01_044T01_9000000072_level2_V62.0/sxt/sxt.01
7789                                                                                                3.762  1694       0.8182  94      4.5403E-02    356   298   60        2070.3
#CENTER_X=355_Y=291_and_#CENTER_X=143_Y=400/20151026_P01_044T01_9000000072_level2_V59.0/sxt/sxt.01
11113                                                                                               3.602  1156       0.3747  155     5.0237E-02    354   296   60        3085.3
#CENTER_X=355_Y=291_and_#CENTER_X=143_Y=400/20151026_P01_044T01_9000000072_level2_V59.0/sxt/sxt.01
11113                                                                                               3.602  1088       0.3526  155     5.0237E-02    138   393   60        3085.3
#CENTER_X=384_Y=223/20151026_P01_044T01_9000000072_level2_V16.0/sxt/sxt.01
6859                                                                                                5.287  1891       1.458   40      3.0835E-02    385   223   60        1297.2
#CENTER_X=384_Y=223/20151026_P01_044T01_9000000072_level2_V18.0/sxt/sxt.01
11890                                                                                               5.621  3106       1.468   77      3.6400E-02    387   221   60        2115.4
#CENTER_X=384_Y=223/20151026_P01_044T01_9000000072_level2_V19.0/sxt/sxt.01
13282                                                                                               6.364  3412       1.635   144     6.9001E-02    383   230   60        2086.9
#CENTER_X=384_Y=223/20151026_P01_044T01_9000000072_level2_V20.0/sxt/sxt.01
13635                                                                                               6.526  3661       1.752   134     6.4136E-02    383   234   60        2089.3
#CENTER_X=390_Y=348/20151026_P01_044T01_9000000072_level2_V63.0/sxt/sxt.01
9095                                                                                                3.584  1785       0.7034  105     4.1379E-02    391   344   60        2537.5
#CENTER_X=390_Y=348/20151026_P01_044T01_9000000072_level2_V65.0/sxt/sxt.01
10918                                                                                               3.572  2224       0.7275  102     3.3367E-02    390   343   60        3056.9
#CENTER_X=390_Y=348/20151026_P01_044T01_9000000072_level2_V66.0/sxt/sxt.01
12703                                                                                               3.634  2608       0.7461  148     4.2339E-02    389   344   60       3495.6
#CENTER_X=390_Y=348/20151026_P01_044T01_9000000072_level2_V67.0/sxt/sxt.01
13465                                                                                               3.701  2803       0.7705  146     4.0133E-02    393   342   60        3637.9
#CENTER_X=390_Y=348_and_#CENTER_X=355_Y=291/20151026_P01_044T01_9000000072_level2_V64.0/sxt/sxt.01
7749                                                                                                3.743  862        0.4164  67      3.2362E-02    355   291   37        2070.3
#CENTER_X=390_Y=348_and_#CENTER_X=355_Y=291/20151026_P01_044T01_9000000072_level2_V64.0/sxt/sxt.01
7749                                                                                                3.743  539        0.2603  67      3.2362E-02    391   340   37        2070.3
#CENTER_X=427_Y=187/20151026_P01_044T01_9000000072_level2_V21.0/sxt/sxt.01
12413                                                                                               5.047  3070       1.248   96      3.9036E-02    427   186   60        2459.3
#CENTER_X=427_Y=187/20151026_P01_044T01_9000000072_level2_V22.0/sxt/sxt.01
13477                                                                                               4.788  3198       1.136   97      3.4458E-02    430   190   60        2815.0
#CENTER_X=427_Y=187/20151026_P01_044T01_9000000072_level2_V23.0/sxt/sxt.01
17351                                                                                               5.317  3902       1.196   189     5.7918E-02    432   195   60        3263.2
#CENTER_X=428_Y=385/20151026_P01_044T01_9000000072_level2_V57.0/sxt/sxt.01
3913                                                                                                3.437  718        0.6307  42      3.6896E-02    425   382   60        1138.3
#CENTER_X=428_Y=385/20151026_P01_044T01_9000000072_level2_V58.0/sxt/sxt.01
4558                                                                                                3.703  944        0.7670  36      2.9249E-02    428   382   60        1230.8
#CENTER_X=430_Y=193/20151026_P01_044T01_9000000072_level2_V24.0/sxt/sxt.01
17122                                                                                               4.664  2884       0.7856  123     3.3505E-02    433   192   40        3671.1
#CENTER_X=430_Y=193/20151026_P01_044T01_9000000072_level2_V26.0/sxt/sxt.01
16484                                                                                               5.456  4281       1.417   135     4.4683E-02    431   190   60        3021.3
#CENTER_X=430_Y=193/20151026_P01_044T01_9000000072_level2_V27.0/sxt/sxt.01
13628                                                                                               5.775  3178       1.347   141     5.9754E-02    431   189   60        2359.7
#CENTER_X=430_Y=193_and_#CENTER_X=480_Y=143/20151026_P01_044T01_9000000072_level2_V28.0
12931                                                                                               6.876  935        0.4972  204     0.1085        427   197   37        1880.6
#CENTER_X=430_Y=193_and_#CENTER_X=480_Y=143/20151026_P01_044T01_9000000072_level2_V28.0
12931                                                                                               6.876  887        0.4717  204     0.1085        462   145   37        1880.6
#CENTER_X=430_Y=384/20151026_P01_044T01_9000000072_level2_V68.0/sxt/sxt.01
6504                                                                                                3.767  1436       0.8318  43      2.4906E-02    431   381   60        1726.5
#CENTER_X=430_Y=384/20151026_P01_044T01_9000000072_level2_V69.0/sxt/sxt.01
7549                                                                                                3.655  1545       0.7480  65      3.1468E-02    429   385   60        2065.6
#CENTER_X=462_Y=427/20151026_P01_044T01_9000000072_level2_V70.0/sxt/sxt.01
7363                                                                                                3.565  1336       0.6468  116     5.6158E-02    464   430   60        2065.6
#CENTER_X=462_Y=427/20151026_P01_044T01_9000000072_level2_V71.0/sxt/sxt.01
7363                                                                                                3.565  1336       0.6468  107     5.1801E-02    464   430   60        2065.6
#CENTER_X=462_Y=427/20151026_P01_044T01_9000000072_level2_V72.0/sxt/sxt.01
7441                                                                                                3.611  1401       0.6798  92      4.4642E-02    463   431   60        2060.9
#CENTER_X=462_Y=427/20151026_P01_044T01_9000000072_level2_V73.0/sxt/sxt.01
7901                                                                                                3.706  1551       0.7275  77      3.6116E-02    461   430   60        2132.0
#CENTER_X=462_Y=427/20151026_P01_044T01_9000000072_level2_V74.0/sxt/sxt.01
9890                                                                                                3.798  2115       0.8122  77      2.9571E-02    463   433   60        2603.9
#CENTER_X=462_Y=427/20151026_P01_044T01_9000000072_level2_V75.0/sxt/sxt.01
12498                                                                                               4.014  2801       0.8995  118     3.7896E-02    460   434   60        3113.8
#CENTER_X=462_Y=427/20151026_P01_044T01_9000000072_level2_V76.0/sxt/sxt.01
15649                                                                                               4.293  3733       1.024   148     4.0603E-02    463   431   60        3645.0
#CENTER_X=462_Y=427/20151026_P01_044T01_9000000072_level2_V77.0/sxt/sxt.01
14675                                                                                               4.297  3504       1.026   128     3.7482E-02    462   430   60        3415.0
#CENTER_X=462_Y=427_and_#CENTER_X=288_Y=206/20151026_P01_044T01_9000000072_level2_V78.0/sxt/sxt.01
12843                                                                                               4.879  1920       0.7294  113     4.2927E-02    285   200   60        2632.4
#CENTER_X=462_Y=427_and_#CENTER_X=288_Y=206/20151026_P01_044T01_9000000072_level2_V78.0/sxt/sxt.01
12843                                                                                               4.879  1518       0.5767  113     4.2927E-02    458   436   60        2632.4
#CENTER_X=480_Y=143/20151026_P01_044T01_9000000072_level2_V29.0/sxt/sxt.01
6347                                                                                                6.096  1150       1.105   120     0.1153        477   147   60        1041.1
#CENTER_X=480_Y=143/20151026_P01_044T01_9000000072_level2_V30.0/sxt/sxt.01
5696                                                                                                4.214  1455       1.076   36      2.6632E-02    468   140   60        1351.8
#CENTER_X=480_Y=143/20151026_P01_044T01_9000000072_level2_V31.0/sxt/sxt.01
10663                                                                                               5.115  2197       1.054   112     5.3728E-02    469   141   60        2084.6
#CENTER_X=480_Y=143/20151026_P01_044T01_9000000072_level2_V32.0/sxt/sxt.01
8290                                                                                                3.972  1980       0.9488  65      3.1146E-02    476   153   60        2086.9
#CENTER_X=520_Y=105/20151026_P01_044T01_9000000072_level2_V33.0/sxt/sxt.01
8242                                                                                                3.236  947        0.3718  66      2.5913E-02    514   108   37        2547.0
#CENTER_X=520_Y=105/20151026_P01_044T01_9000000072_level2_V33.0/sxt/sxt.01
8242                                                                                                3.236  1428       0.5607  66      2.5913E-02    509   105   60        2547.0
#CENTER_X=520_Y=105/20151026_P01_044T01_9000000072_level2_V34.0/sxt/sxt.01
9023                                                                                                3.340  1642       0.6079  88      3.2579E-02    516   111   60        2701.2
#CENTER_X=520_Y=105/20151026_P01_044T01_9000000072_level2_V35.0/sxt/sxt.01
10370                                                                                               3.323  1960       0.6280  94      3.0119E-02    516   116   60        3120.9
#CENTER_X=520_Y=105/20151026_P01_044T01_9000000072_level2_V36.0/sxt/sxt.01
11343                                                                                               3.189  1923       0.5406  103     2.8955E-02    519   108   60        3557.3
#CENTER_X=520_Y=105/20151026_P01_044T01_9000000072_level2_V37.0/sxt/sxt.01
8382                                                                                                4.044  1846       0.8906  51      2.4605E-02    483   146   60        2072.7
#CENTER_X=520_Y=105/20151026_P01_044T01_9000000072_level2_V54.0/sxt/sxt.01
32642                                                                                               3.673  4636       0.5217  415     4.6702E-02    519   119   60        8886.1
